<?xml version="1.0" encoding="UTF-8"?>
<testng-results ignored="0" total="1" passed="1" failed="0" skipped="0">
  <reporter-output>
  </reporter-output>
  <suite started-at="2022-03-07T18:18:30Z" name="InetBankingV1" finished-at="2022-03-07T18:18:58Z" duration-ms="28873">
    <groups>
    </groups>
    <test started-at="2022-03-07T18:18:30Z" name="BankingApp Test" finished-at="2022-03-07T18:18:58Z" duration-ms="28873">
      <class name="com.inetbanking.testCases.TC_AddCustomerTest_003">
        <test-method is-config="true" signature="setup()[pri:0, instance:com.inetbanking.testCases.TC_AddCustomerTest_003@49e5f737]" started-at="2022-03-07T18:18:30Z" name="setup" finished-at="2022-03-07T18:18:40Z" duration-ms="10030" status="PASS">
          <reporter-output>
          </reporter-output>
        </test-method> <!-- setup -->
        <test-method signature="addNewCustomer()[pri:0, instance:com.inetbanking.testCases.TC_AddCustomerTest_003@49e5f737]" started-at="2022-03-07T18:18:40Z" name="addNewCustomer" finished-at="2022-03-07T18:18:58Z" duration-ms="18396" status="PASS">
          <reporter-output>
          </reporter-output>
        </test-method> <!-- addNewCustomer -->
        <test-method is-config="true" signature="tearDown()[pri:0, instance:com.inetbanking.testCases.TC_AddCustomerTest_003@49e5f737]" started-at="2022-03-07T18:18:58Z" name="tearDown" finished-at="2022-03-07T18:18:58Z" duration-ms="0" status="PASS">
          <reporter-output>
          </reporter-output>
        </test-method> <!-- tearDown -->
      </class> <!-- com.inetbanking.testCases.TC_AddCustomerTest_003 -->
    </test> <!-- BankingApp Test -->
  </suite> <!-- InetBankingV1 -->
</testng-results>
